build/app/intermediates/manifest_merge_blame_file/debug/manifest-merger-blame-debug-report.txt
1<?xml version="1.0" encoding="utf-8"?>
2<manifest xmlns:android="http://schemas.android.com/apk/res/android"
3    package="com.example.draw_flutt_test"
4    android:versionCode="1"
5    android:versionName="1.0.0" >
6
7    <uses-sdk
8        android:minSdkVersion="16"
9        android:targetSdkVersion="31" />
10    <!--
11         Flutter needs it to communicate with the running application
12         to allow setting breakpoints, to provide hot reload, etc.
13    -->
14    <uses-permission android:name="android.permission.INTERNET" />
14-->src/debug/AndroidManifest.xml:6:5-66
14-->src/debug/AndroidManifest.xml:6:22-64
15    <uses-permission android:name="android.permission.ACCESS_NETWORK_STATE" />
15-->[com.google.android.exoplayer:exoplayer-core:2.14.1] AndroidManifest.xml:24:5-79
15-->[com.google.android.exoplayer:exoplayer-core:2.14.1] AndroidManifest.xml:24:22-76
16
17    <application
18        android:name="android.app.Application"
19        android:appComponentFactory="androidx.core.app.CoreComponentFactory"
19-->[androidx.core:core:1.6.0] AndroidManifest.xml:24:18-86
20        android:debuggable="true"
21        android:icon="@mipmap/ic_launcher"
22        android:label="draw_flutt_test" >
23        <activity
24            android:name="com.example.draw_flutt_test.MainActivity"
25            android:configChanges="orientation|keyboardHidden|keyboard|screenSize|smallestScreenSize|locale|layoutDirection|fontScale|screenLayout|density|uiMode"
26            android:exported="true"
27            android:hardwareAccelerated="true"
28            android:launchMode="singleTop"
29            android:theme="@style/LaunchTheme"
30            android:windowSoftInputMode="adjustResize" >
31
32            <!--
33                 Specifies an Android theme to apply to this Activity as soon as
34                 the Android process has started. This theme is visible to the user
35                 while the Flutter UI initializes. After that, this theme continues
36                 to determine the Window background behind the Flutter UI.
37            -->
38            <meta-data
39                android:name="io.flutter.embedding.android.NormalTheme"
40                android:resource="@style/NormalTheme" />
41
42            <intent-filter>
43                <action android:name="android.intent.action.MAIN" />
44
45                <category android:name="android.intent.category.LAUNCHER" />
46            </intent-filter>
47        </activity>
48        <activity android:name="com.linusu.flutter_web_auth.CallbackActivity" >
49            <intent-filter android:label="draw_flutt_test" >
50                <action android:name="android.intent.action.VIEW" />
51
52                <category android:name="android.intent.category.DEFAULT" />
53                <category android:name="android.intent.category.BROWSABLE" />
54
55                <data android:scheme="unsharp" />
56            </intent-filter>
57        </activity>
58        <!--
59             Don't delete the meta-data below.
60             This is used by the Flutter tool to generate GeneratedPluginRegistrant.java
61        -->
62        <meta-data
63            android:name="flutterEmbedding"
64            android:value="2" />
65
66        <activity
66-->[:url_launcher_android] AndroidManifest.xml:8:9-11:74
67            android:name="io.flutter.plugins.urllauncher.WebViewActivity"
67-->[:url_launcher_android] AndroidManifest.xml:9:13-74
68            android:exported="false"
68-->[:url_launcher_android] AndroidManifest.xml:10:13-37
69            android:theme="@android:style/Theme.NoTitleBar.Fullscreen" />
69-->[:url_launcher_android] AndroidManifest.xml:11:13-71
70
71        <provider
71-->[:share] AndroidManifest.xml:8:9-16:20
72            android:name="io.flutter.plugins.share.ShareFileProvider"
72-->[:share] AndroidManifest.xml:9:13-70
73            android:authorities="com.example.draw_flutt_test.flutter.share_provider"
73-->[:share] AndroidManifest.xml:10:13-74
74            android:exported="false"
74-->[:share] AndroidManifest.xml:11:13-37
75            android:grantUriPermissions="true" >
75-->[:share] AndroidManifest.xml:12:13-47
76            <meta-data
76-->[:share] AndroidManifest.xml:13:13-15:68
77                android:name="android.support.FILE_PROVIDER_PATHS"
77-->[:share] AndroidManifest.xml:14:17-67
78                android:resource="@xml/flutter_share_file_paths" />
78-->[:share] AndroidManifest.xml:15:17-65
79        </provider>
80
81        <uses-library
81-->[androidx.window:window:1.0.0-beta04] AndroidManifest.xml:25:9-27:40
82            android:name="androidx.window.extensions"
82-->[androidx.window:window:1.0.0-beta04] AndroidManifest.xml:26:13-54
83            android:required="false" />
83-->[androidx.window:window:1.0.0-beta04] AndroidManifest.xml:27:13-37
84        <uses-library
84-->[androidx.window:window:1.0.0-beta04] AndroidManifest.xml:28:9-30:40
85            android:name="androidx.window.sidecar"
85-->[androidx.window:window:1.0.0-beta04] AndroidManifest.xml:29:13-51
86            android:required="false" />
86-->[androidx.window:window:1.0.0-beta04] AndroidManifest.xml:30:13-37
87    </application>
88
89</manifest>